{"C:\\Users\\maali\\Desktop\\stefanini\\pokemon-web\\src\\components\\Buttons\\index.tsx": {"path":"C:\\Users\\maali\\Desktop\\stefanini\\pokemon-web\\src\\components\\Buttons\\index.tsx","statementMap":{"0":{"start":{"line":13,"column":23},"end":{"line":45,"column":1}},"1":{"start":{"line":20,"column":32},"end":{"line":20,"column":46}},"2":{"start":{"line":21,"column":21},"end":{"line":21,"column":65}},"3":{"start":{"line":23,"column":17},"end":{"line":23,"column":44}},"4":{"start":{"line":24,"column":18},"end":{"line":24,"column":48}},"5":{"start":{"line":25,"column":2},"end":{"line":44,"column":3}},"6":{"start":{"line":37,"column":14},"end":{"line":37,"column":31}}},"fnMap":{"0":{"name":"(anonymous_0)","decl":{"start":{"line":13,"column":23},"end":{"line":13,"column":24}},"loc":{"start":{"line":19,"column":32},"end":{"line":45,"column":1}},"line":19},"1":{"name":"(anonymous_1)","decl":{"start":{"line":36,"column":20},"end":{"line":36,"column":21}},"loc":{"start":{"line":36,"column":26},"end":{"line":38,"column":13}},"line":36}},"branchMap":{"0":{"loc":{"start":{"line":17,"column":2},"end":{"line":17,"column":19}},"type":"default-arg","locations":[{"start":{"line":17,"column":14},"end":{"line":17,"column":19}}],"line":17},"1":{"loc":{"start":{"line":21,"column":33},"end":{"line":21,"column":64}},"type":"cond-expr","locations":[{"start":{"line":21,"column":45},"end":{"line":21,"column":54}},{"start":{"line":21,"column":57},"end":{"line":21,"column":64}}],"line":21},"2":{"loc":{"start":{"line":23,"column":17},"end":{"line":23,"column":44}},"type":"cond-expr","locations":[{"start":{"line":23,"column":28},"end":{"line":23,"column":39}},{"start":{"line":23,"column":42},"end":{"line":23,"column":44}}],"line":23},"3":{"loc":{"start":{"line":24,"column":18},"end":{"line":24,"column":48}},"type":"cond-expr","locations":[{"start":{"line":24,"column":30},"end":{"line":24,"column":43}},{"start":{"line":24,"column":46},"end":{"line":24,"column":48}}],"line":24},"4":{"loc":{"start":{"line":31,"column":9},"end":{"line":40,"column":9}},"type":"binary-expr","locations":[{"start":{"line":31,"column":9},"end":{"line":31,"column":18}},{"start":{"line":32,"column":10},"end":{"line":39,"column":12}}],"line":31}},"s":{"0":2,"1":9,"2":9,"3":9,"4":9,"5":9,"6":0},"f":{"0":9,"1":0},"b":{"0":[9],"1":[0,9],"2":[2,7],"3":[0,9],"4":[9,0]},"_coverageSchema":"1a1c01bbd47fc00a2c39e90264f33305004495a9","hash":"6ec382bba69277957adc74df06fa99ddbf6e9984"}
,"C:\\Users\\maali\\Desktop\\stefanini\\pokemon-web\\src\\components\\CardInfo\\index.tsx": {"path":"C:\\Users\\maali\\Desktop\\stefanini\\pokemon-web\\src\\components\\CardInfo\\index.tsx","statementMap":{"0":{"start":{"line":10,"column":24},"end":{"line":34,"column":1}},"1":{"start":{"line":15,"column":21},"end":{"line":15,"column":43}},"2":{"start":{"line":17,"column":2},"end":{"line":33,"column":3}}},"fnMap":{"0":{"name":"(anonymous_0)","decl":{"start":{"line":10,"column":24},"end":{"line":10,"column":25}},"loc":{"start":{"line":14,"column":34},"end":{"line":34,"column":1}},"line":14}},"branchMap":{"0":{"loc":{"start":{"line":13,"column":2},"end":{"line":13,"column":19}},"type":"default-arg","locations":[{"start":{"line":13,"column":14},"end":{"line":13,"column":19}}],"line":13},"1":{"loc":{"start":{"line":19,"column":7},"end":{"line":23,"column":7}},"type":"binary-expr","locations":[{"start":{"line":19,"column":7},"end":{"line":19,"column":12}},{"start":{"line":20,"column":8},"end":{"line":22,"column":14}}],"line":19}},"s":{"0":1,"1":4,"2":4},"f":{"0":4},"b":{"0":[3],"1":[4,3]},"_coverageSchema":"1a1c01bbd47fc00a2c39e90264f33305004495a9","hash":"026ff2423ed87db7b73c67d67b6d3e44040ef843"}
,"C:\\Users\\maali\\Desktop\\stefanini\\pokemon-web\\src\\components\\CardPartner\\index.tsx": {"path":"C:\\Users\\maali\\Desktop\\stefanini\\pokemon-web\\src\\components\\CardPartner\\index.tsx","statementMap":{"0":{"start":{"line":16,"column":27},"end":{"line":88,"column":1}},"1":{"start":{"line":24,"column":32},"end":{"line":24,"column":46}},"2":{"start":{"line":26,"column":21},"end":{"line":26,"column":65}},"3":{"start":{"line":28,"column":18},"end":{"line":28,"column":78}},"4":{"start":{"line":29,"column":18},"end":{"line":29,"column":80}},"5":{"start":{"line":31,"column":20},"end":{"line":35,"column":3}},"6":{"start":{"line":32,"column":19},"end":{"line":32,"column":60}},"7":{"start":{"line":34,"column":4},"end":{"line":34,"column":56}},"8":{"start":{"line":37,"column":2},"end":{"line":87,"column":3}},"9":{"start":{"line":49,"column":16},"end":{"line":49,"column":33}}},"fnMap":{"0":{"name":"(anonymous_0)","decl":{"start":{"line":16,"column":27},"end":{"line":16,"column":28}},"loc":{"start":{"line":23,"column":37},"end":{"line":88,"column":1}},"line":23},"1":{"name":"(anonymous_1)","decl":{"start":{"line":31,"column":20},"end":{"line":31,"column":21}},"loc":{"start":{"line":31,"column":34},"end":{"line":35,"column":3}},"line":31},"2":{"name":"(anonymous_2)","decl":{"start":{"line":48,"column":22},"end":{"line":48,"column":23}},"loc":{"start":{"line":48,"column":28},"end":{"line":50,"column":15}},"line":48}},"branchMap":{"0":{"loc":{"start":{"line":20,"column":2},"end":{"line":20,"column":19}},"type":"default-arg","locations":[{"start":{"line":20,"column":14},"end":{"line":20,"column":19}}],"line":20},"1":{"loc":{"start":{"line":26,"column":33},"end":{"line":26,"column":64}},"type":"cond-expr","locations":[{"start":{"line":26,"column":45},"end":{"line":26,"column":54}},{"start":{"line":26,"column":57},"end":{"line":26,"column":64}}],"line":26},"2":{"loc":{"start":{"line":28,"column":18},"end":{"line":28,"column":78}},"type":"cond-expr","locations":[{"start":{"line":28,"column":32},"end":{"line":28,"column":56}},{"start":{"line":28,"column":59},"end":{"line":28,"column":78}}],"line":28},"3":{"loc":{"start":{"line":29,"column":18},"end":{"line":29,"column":80}},"type":"cond-expr","locations":[{"start":{"line":29,"column":32},"end":{"line":29,"column":54}},{"start":{"line":29,"column":57},"end":{"line":29,"column":80}}],"line":29},"4":{"loc":{"start":{"line":32,"column":19},"end":{"line":32,"column":60}},"type":"cond-expr","locations":[{"start":{"line":32,"column":33},"end":{"line":32,"column":55}},{"start":{"line":32,"column":58},"end":{"line":32,"column":60}}],"line":32},"5":{"loc":{"start":{"line":45,"column":11},"end":{"line":53,"column":11}},"type":"binary-expr","locations":[{"start":{"line":45,"column":11},"end":{"line":45,"column":18}},{"start":{"line":46,"column":12},"end":{"line":52,"column":14}}],"line":45},"6":{"loc":{"start":{"line":63,"column":11},"end":{"line":83,"column":11}},"type":"binary-expr","locations":[{"start":{"line":63,"column":11},"end":{"line":63,"column":22}},{"start":{"line":64,"column":12},"end":{"line":82,"column":18}}],"line":63}},"s":{"0":1,"1":2,"2":2,"3":2,"4":2,"5":2,"6":2,"7":2,"8":2,"9":0},"f":{"0":2,"1":2,"2":0},"b":{"0":[2],"1":[0,2],"2":[0,2],"3":[0,2],"4":[0,2],"5":[2,2],"6":[2,0]},"_coverageSchema":"1a1c01bbd47fc00a2c39e90264f33305004495a9","hash":"dc91c5ecb8e9374edb5de86e7307dd1f24bb22cc"}
,"C:\\Users\\maali\\Desktop\\stefanini\\pokemon-web\\src\\components\\CardPokemon\\index.tsx": {"path":"C:\\Users\\maali\\Desktop\\stefanini\\pokemon-web\\src\\components\\CardPokemon\\index.tsx","statementMap":{"0":{"start":{"line":15,"column":27},"end":{"line":75,"column":1}},"1":{"start":{"line":23,"column":32},"end":{"line":23,"column":47}},"2":{"start":{"line":24,"column":21},"end":{"line":24,"column":41}},"3":{"start":{"line":25,"column":32},"end":{"line":25,"column":74}},"4":{"start":{"line":27,"column":2},"end":{"line":29,"column":13}},"5":{"start":{"line":28,"column":4},"end":{"line":28,"column":25}},"6":{"start":{"line":31,"column":25},"end":{"line":42,"column":3}},"7":{"start":{"line":32,"column":4},"end":{"line":41,"column":8}},"8":{"start":{"line":34,"column":8},"end":{"line":37,"column":10}},"9":{"start":{"line":40,"column":8},"end":{"line":40,"column":26}},"10":{"start":{"line":44,"column":2},"end":{"line":74,"column":3}},"11":{"start":{"line":50,"column":23},"end":{"line":50,"column":55}},"12":{"start":{"line":57,"column":12},"end":{"line":57,"column":25}},"13":{"start":{"line":58,"column":12},"end":{"line":58,"column":29}},"14":{"start":{"line":68,"column":25},"end":{"line":68,"column":57}}},"fnMap":{"0":{"name":"(anonymous_0)","decl":{"start":{"line":15,"column":27},"end":{"line":15,"column":28}},"loc":{"start":{"line":22,"column":37},"end":{"line":75,"column":1}},"line":22},"1":{"name":"(anonymous_1)","decl":{"start":{"line":27,"column":12},"end":{"line":27,"column":13}},"loc":{"start":{"line":27,"column":18},"end":{"line":29,"column":3}},"line":27},"2":{"name":"(anonymous_2)","decl":{"start":{"line":31,"column":25},"end":{"line":31,"column":26}},"loc":{"start":{"line":31,"column":52},"end":{"line":42,"column":3}},"line":31},"3":{"name":"(anonymous_3)","decl":{"start":{"line":33,"column":12},"end":{"line":33,"column":13}},"loc":{"start":{"line":33,"column":26},"end":{"line":38,"column":7}},"line":33},"4":{"name":"(anonymous_4)","decl":{"start":{"line":39,"column":13},"end":{"line":39,"column":14}},"loc":{"start":{"line":39,"column":24},"end":{"line":41,"column":7}},"line":39},"5":{"name":"(anonymous_5)","decl":{"start":{"line":50,"column":17},"end":{"line":50,"column":18}},"loc":{"start":{"line":50,"column":23},"end":{"line":50,"column":55}},"line":50},"6":{"name":"(anonymous_6)","decl":{"start":{"line":56,"column":18},"end":{"line":56,"column":19}},"loc":{"start":{"line":56,"column":24},"end":{"line":59,"column":11}},"line":56},"7":{"name":"(anonymous_7)","decl":{"start":{"line":68,"column":19},"end":{"line":68,"column":20}},"loc":{"start":{"line":68,"column":25},"end":{"line":68,"column":57}},"line":68}},"branchMap":{"0":{"loc":{"start":{"line":50,"column":35},"end":{"line":50,"column":54}},"type":"binary-expr","locations":[{"start":{"line":50,"column":35},"end":{"line":50,"column":48}},{"start":{"line":50,"column":52},"end":{"line":50,"column":54}}],"line":50},"1":{"loc":{"start":{"line":53,"column":7},"end":{"line":62,"column":7}},"type":"binary-expr","locations":[{"start":{"line":53,"column":7},"end":{"line":53,"column":14}},{"start":{"line":54,"column":8},"end":{"line":61,"column":10}}],"line":53},"2":{"loc":{"start":{"line":65,"column":7},"end":{"line":72,"column":7}},"type":"binary-expr","locations":[{"start":{"line":65,"column":7},"end":{"line":65,"column":17}},{"start":{"line":66,"column":8},"end":{"line":71,"column":14}}],"line":65},"3":{"loc":{"start":{"line":68,"column":37},"end":{"line":68,"column":56}},"type":"binary-expr","locations":[{"start":{"line":68,"column":37},"end":{"line":68,"column":50}},{"start":{"line":68,"column":54},"end":{"line":68,"column":56}}],"line":68}},"s":{"0":1,"1":2,"2":2,"3":2,"4":2,"5":2,"6":2,"7":2,"8":0,"9":0,"10":2,"11":1,"12":0,"13":0,"14":0},"f":{"0":2,"1":2,"2":2,"3":0,"4":0,"5":1,"6":0,"7":0},"b":{"0":[1,1],"1":[2,0],"2":[2,1],"3":[0,0]},"_coverageSchema":"1a1c01bbd47fc00a2c39e90264f33305004495a9","hash":"efe979404a597e758c28ebd661d909b6cba51ad3"}
,"C:\\Users\\maali\\Desktop\\stefanini\\pokemon-web\\src\\components\\ErrorPage\\index.tsx": {"path":"C:\\Users\\maali\\Desktop\\stefanini\\pokemon-web\\src\\components\\ErrorPage\\index.tsx","statementMap":{"0":{"start":{"line":15,"column":25},"end":{"line":76,"column":1}},"1":{"start":{"line":20,"column":19},"end":{"line":20,"column":32}},"2":{"start":{"line":21,"column":32},"end":{"line":21,"column":47}},"3":{"start":{"line":22,"column":21},"end":{"line":22,"column":41}},"4":{"start":{"line":24,"column":2},"end":{"line":26,"column":17}},"5":{"start":{"line":25,"column":4},"end":{"line":25,"column":34}},"6":{"start":{"line":28,"column":2},"end":{"line":75,"column":3}},"7":{"start":{"line":70,"column":54},"end":{"line":70,"column":67}}},"fnMap":{"0":{"name":"(anonymous_0)","decl":{"start":{"line":15,"column":25},"end":{"line":15,"column":26}},"loc":{"start":{"line":19,"column":35},"end":{"line":76,"column":1}},"line":19},"1":{"name":"(anonymous_1)","decl":{"start":{"line":24,"column":12},"end":{"line":24,"column":13}},"loc":{"start":{"line":24,"column":18},"end":{"line":26,"column":3}},"line":24},"2":{"name":"(anonymous_2)","decl":{"start":{"line":70,"column":48},"end":{"line":70,"column":49}},"loc":{"start":{"line":70,"column":54},"end":{"line":70,"column":67}},"line":70}},"branchMap":{"0":{"loc":{"start":{"line":18,"column":2},"end":{"line":18,"column":16}},"type":"default-arg","locations":[{"start":{"line":18,"column":11},"end":{"line":18,"column":16}}],"line":18},"1":{"loc":{"start":{"line":25,"column":15},"end":{"line":25,"column":33}},"type":"binary-expr","locations":[{"start":{"line":25,"column":15},"end":{"line":25,"column":24}},{"start":{"line":25,"column":28},"end":{"line":25,"column":33}}],"line":25},"2":{"loc":{"start":{"line":69,"column":18},"end":{"line":69,"column":66}},"type":"cond-expr","locations":[{"start":{"line":69,"column":27},"end":{"line":69,"column":45}},{"start":{"line":69,"column":48},"end":{"line":69,"column":66}}],"line":69},"3":{"loc":{"start":{"line":70,"column":26},"end":{"line":70,"column":67}},"type":"cond-expr","locations":[{"start":{"line":70,"column":37},"end":{"line":70,"column":45}},{"start":{"line":70,"column":48},"end":{"line":70,"column":67}}],"line":70}},"s":{"0":1,"1":6,"2":6,"3":6,"4":6,"5":5,"6":6,"7":0},"f":{"0":6,"1":5,"2":0},"b":{"0":[6],"1":[5,4],"2":[0,6],"3":[1,5]},"_coverageSchema":"1a1c01bbd47fc00a2c39e90264f33305004495a9","hash":"2a7b7730ff99d60638b5e5cc2686d5465ea2bf10"}
,"C:\\Users\\maali\\Desktop\\stefanini\\pokemon-web\\src\\components\\Header\\index.tsx": {"path":"C:\\Users\\maali\\Desktop\\stefanini\\pokemon-web\\src\\components\\Header\\index.tsx","statementMap":{"0":{"start":{"line":13,"column":22},"end":{"line":66,"column":1}},"1":{"start":{"line":18,"column":19},"end":{"line":18,"column":32}},"2":{"start":{"line":19,"column":42},"end":{"line":19,"column":61}},"3":{"start":{"line":21,"column":21},"end":{"line":23,"column":3}},"4":{"start":{"line":22,"column":4},"end":{"line":22,"column":16}},"5":{"start":{"line":25,"column":2},"end":{"line":27,"column":8}},"6":{"start":{"line":26,"column":4},"end":{"line":26,"column":22}},"7":{"start":{"line":29,"column":22},"end":{"line":32,"column":3}},"8":{"start":{"line":30,"column":4},"end":{"line":30,"column":22}},"9":{"start":{"line":31,"column":4},"end":{"line":31,"column":25}},"10":{"start":{"line":34,"column":17},"end":{"line":34,"column":63}},"11":{"start":{"line":36,"column":2},"end":{"line":65,"column":3}},"12":{"start":{"line":60,"column":32},"end":{"line":60,"column":45}}},"fnMap":{"0":{"name":"(anonymous_0)","decl":{"start":{"line":13,"column":22},"end":{"line":13,"column":23}},"loc":{"start":{"line":17,"column":32},"end":{"line":66,"column":1}},"line":17},"1":{"name":"(anonymous_1)","decl":{"start":{"line":21,"column":21},"end":{"line":21,"column":22}},"loc":{"start":{"line":21,"column":33},"end":{"line":23,"column":3}},"line":21},"2":{"name":"(anonymous_2)","decl":{"start":{"line":25,"column":12},"end":{"line":25,"column":13}},"loc":{"start":{"line":25,"column":18},"end":{"line":27,"column":3}},"line":25},"3":{"name":"(anonymous_3)","decl":{"start":{"line":29,"column":22},"end":{"line":29,"column":23}},"loc":{"start":{"line":29,"column":34},"end":{"line":32,"column":3}},"line":29},"4":{"name":"(anonymous_4)","decl":{"start":{"line":60,"column":26},"end":{"line":60,"column":27}},"loc":{"start":{"line":60,"column":32},"end":{"line":60,"column":45}},"line":60}},"branchMap":{"0":{"loc":{"start":{"line":34,"column":17},"end":{"line":34,"column":63}},"type":"cond-expr","locations":[{"start":{"line":34,"column":31},"end":{"line":34,"column":44}},{"start":{"line":34,"column":47},"end":{"line":34,"column":63}}],"line":34},"1":{"loc":{"start":{"line":38,"column":7},"end":{"line":52,"column":7}},"type":"binary-expr","locations":[{"start":{"line":38,"column":7},"end":{"line":38,"column":18}},{"start":{"line":39,"column":8},"end":{"line":51,"column":14}}],"line":38},"2":{"loc":{"start":{"line":54,"column":7},"end":{"line":63,"column":7}},"type":"binary-expr","locations":[{"start":{"line":54,"column":7},"end":{"line":54,"column":18}},{"start":{"line":55,"column":8},"end":{"line":62,"column":14}}],"line":54}},"s":{"0":0,"1":0,"2":0,"3":0,"4":0,"5":0,"6":0,"7":0,"8":0,"9":0,"10":0,"11":0,"12":0},"f":{"0":0,"1":0,"2":0,"3":0,"4":0},"b":{"0":[0,0],"1":[0,0],"2":[0,0]}}
,"C:\\Users\\maali\\Desktop\\stefanini\\pokemon-web\\src\\components\\SectionTitle\\index.tsx": {"path":"C:\\Users\\maali\\Desktop\\stefanini\\pokemon-web\\src\\components\\SectionTitle\\index.tsx","statementMap":{"0":{"start":{"line":8,"column":28},"end":{"line":18,"column":1}},"1":{"start":{"line":9,"column":38},"end":{"line":9,"column":43}},"2":{"start":{"line":10,"column":21},"end":{"line":10,"column":43}},"3":{"start":{"line":11,"column":2},"end":{"line":17,"column":3}}},"fnMap":{"0":{"name":"(anonymous_0)","decl":{"start":{"line":8,"column":28},"end":{"line":8,"column":29}},"loc":{"start":{"line":8,"column":71},"end":{"line":18,"column":1}},"line":8}},"branchMap":{"0":{"loc":{"start":{"line":9,"column":16},"end":{"line":9,"column":33}},"type":"default-arg","locations":[{"start":{"line":9,"column":28},"end":{"line":9,"column":33}}],"line":9}},"s":{"0":1,"1":4,"2":4,"3":4},"f":{"0":4},"b":{"0":[2]},"_coverageSchema":"1a1c01bbd47fc00a2c39e90264f33305004495a9","hash":"057ba1442cab4224d98cb51f92606310fae5fc82"}
,"C:\\Users\\maali\\Desktop\\stefanini\\pokemon-web\\src\\components\\Spinner\\index.tsx": {"path":"C:\\Users\\maali\\Desktop\\stefanini\\pokemon-web\\src\\components\\Spinner\\index.tsx","statementMap":{"0":{"start":{"line":4,"column":23},"end":{"line":32,"column":1}},"1":{"start":{"line":5,"column":2},"end":{"line":31,"column":3}}},"fnMap":{"0":{"name":"(anonymous_0)","decl":{"start":{"line":4,"column":23},"end":{"line":4,"column":24}},"loc":{"start":{"line":4,"column":74},"end":{"line":32,"column":1}},"line":4}},"branchMap":{"0":{"loc":{"start":{"line":4,"column":26},"end":{"line":4,"column":40}},"type":"default-arg","locations":[{"start":{"line":4,"column":36},"end":{"line":4,"column":40}}],"line":4},"1":{"loc":{"start":{"line":9,"column":8},"end":{"line":9,"column":29}},"type":"binary-expr","locations":[{"start":{"line":9,"column":8},"end":{"line":9,"column":15}},{"start":{"line":9,"column":19},"end":{"line":9,"column":29}}],"line":9}},"s":{"0":1,"1":2},"f":{"0":2},"b":{"0":[1],"1":[2,2]},"_coverageSchema":"1a1c01bbd47fc00a2c39e90264f33305004495a9","hash":"8980475f1ad274344e63f92eb6cda75238e3f66a"}
}
