TN:
SF:src\components\Buttons\index.tsx
FN:13,(anonymous_0)
FN:36,(anonymous_1)
FNF:2
FNH:1
FNDA:9,(anonymous_0)
FNDA:0,(anonymous_1)
DA:13,2
DA:20,9
DA:21,9
DA:23,9
DA:24,9
DA:25,9
DA:37,0
LF:7
LH:6
BRDA:17,0,0,9
BRDA:21,1,0,0
BRDA:21,1,1,9
BRDA:23,2,0,2
BRDA:23,2,1,7
BRDA:24,3,0,0
BRDA:24,3,1,9
BRDA:31,4,0,9
BRDA:31,4,1,0
BRF:9
BRH:6
end_of_record
TN:
SF:src\components\CardInfo\index.tsx
FN:10,(anonymous_0)
FNF:1
FNH:1
FNDA:4,(anonymous_0)
DA:10,1
DA:15,4
DA:17,4
LF:3
LH:3
BRDA:13,0,0,3
BRDA:19,1,0,4
BRDA:19,1,1,3
BRF:3
BRH:3
end_of_record
TN:
SF:src\components\CardPartner\index.tsx
FN:16,(anonymous_0)
FN:31,(anonymous_1)
FN:48,(anonymous_2)
FNF:3
FNH:2
FNDA:2,(anonymous_0)
FNDA:2,(anonymous_1)
FNDA:0,(anonymous_2)
DA:16,1
DA:24,2
DA:26,2
DA:28,2
DA:29,2
DA:31,2
DA:32,2
DA:34,2
DA:37,2
DA:49,0
LF:10
LH:9
BRDA:20,0,0,2
BRDA:26,1,0,0
BRDA:26,1,1,2
BRDA:28,2,0,0
BRDA:28,2,1,2
BRDA:29,3,0,0
BRDA:29,3,1,2
BRDA:32,4,0,0
BRDA:32,4,1,2
BRDA:45,5,0,2
BRDA:45,5,1,2
BRDA:63,6,0,2
BRDA:63,6,1,0
BRF:13
BRH:8
end_of_record
TN:
SF:src\components\CardPokemon\index.tsx
FN:15,(anonymous_0)
FN:27,(anonymous_1)
FN:31,(anonymous_2)
FN:33,(anonymous_3)
FN:39,(anonymous_4)
FN:50,(anonymous_5)
FN:56,(anonymous_6)
FN:68,(anonymous_7)
FNF:8
FNH:0
FNDA:0,(anonymous_0)
FNDA:0,(anonymous_1)
FNDA:0,(anonymous_2)
FNDA:0,(anonymous_3)
FNDA:0,(anonymous_4)
FNDA:0,(anonymous_5)
FNDA:0,(anonymous_6)
FNDA:0,(anonymous_7)
DA:15,0
DA:23,0
DA:24,0
DA:25,0
DA:27,0
DA:28,0
DA:31,0
DA:32,0
DA:34,0
DA:40,0
DA:44,0
DA:50,0
DA:57,0
DA:58,0
DA:68,0
LF:15
LH:0
BRDA:50,0,0,0
BRDA:50,0,1,0
BRDA:53,1,0,0
BRDA:53,1,1,0
BRDA:65,2,0,0
BRDA:65,2,1,0
BRDA:68,3,0,0
BRDA:68,3,1,0
BRF:8
BRH:0
end_of_record
TN:
SF:src\components\ErrorPage\index.tsx
FN:15,(anonymous_0)
FN:24,(anonymous_1)
FN:70,(anonymous_2)
FNF:3
FNH:2
FNDA:6,(anonymous_0)
FNDA:5,(anonymous_1)
FNDA:0,(anonymous_2)
DA:15,1
DA:20,6
DA:21,6
DA:22,6
DA:24,6
DA:25,5
DA:28,6
DA:70,0
LF:8
LH:7
BRDA:18,0,0,6
BRDA:25,1,0,5
BRDA:25,1,1,4
BRDA:69,2,0,0
BRDA:69,2,1,6
BRDA:70,3,0,1
BRDA:70,3,1,5
BRF:7
BRH:6
end_of_record
TN:
SF:src\components\Header\index.tsx
FN:13,(anonymous_0)
FN:21,(anonymous_1)
FN:25,(anonymous_2)
FN:29,(anonymous_3)
FN:60,(anonymous_4)
FNF:5
FNH:0
FNDA:0,(anonymous_0)
FNDA:0,(anonymous_1)
FNDA:0,(anonymous_2)
FNDA:0,(anonymous_3)
FNDA:0,(anonymous_4)
DA:13,0
DA:18,0
DA:19,0
DA:21,0
DA:22,0
DA:25,0
DA:26,0
DA:29,0
DA:30,0
DA:31,0
DA:34,0
DA:36,0
DA:60,0
LF:13
LH:0
BRDA:34,0,0,0
BRDA:34,0,1,0
BRDA:38,1,0,0
BRDA:38,1,1,0
BRDA:54,2,0,0
BRDA:54,2,1,0
BRF:6
BRH:0
end_of_record
TN:
SF:src\components\SectionTitle\index.tsx
FN:8,(anonymous_0)
FNF:1
FNH:1
FNDA:4,(anonymous_0)
DA:8,1
DA:9,4
DA:10,4
DA:11,4
LF:4
LH:4
BRDA:9,0,0,2
BRF:1
BRH:1
end_of_record
TN:
SF:src\components\Spinner\index.tsx
FN:4,(anonymous_0)
FNF:1
FNH:1
FNDA:2,(anonymous_0)
DA:4,1
DA:5,2
LF:2
LH:2
BRDA:4,0,0,1
BRDA:9,1,0,2
BRDA:9,1,1,2
BRF:3
BRH:3
end_of_record
